::1 - - [26/Mar/2026 12:03:20] "GET / HTTP/1.1" 200 -
::1 - - [26/Mar/2026 12:03:20] "GET / HTTP/1.1" 304 -
::1 - - [26/Mar/2026 12:03:20] "GET /styles.css HTTP/1.1" 200 -
::1 - - [26/Mar/2026 12:03:20] "GET /app.js HTTP/1.1" 200 -
::1 - - [26/Mar/2026 12:03:20] code 404, message File not found
::1 - - [26/Mar/2026 12:03:20] "GET /favicon.ico HTTP/1.1" 404 -
::ffff:127.0.0.1 - - [26/Mar/2026 12:03:36] "GET / HTTP/1.1" 200 -
::ffff:127.0.0.1 - - [26/Mar/2026 12:03:36] "GET /styles.css HTTP/1.1" 200 -
::ffff:127.0.0.1 - - [26/Mar/2026 12:03:36] "GET /app.js HTTP/1.1" 200 -
::ffff:127.0.0.1 - - [26/Mar/2026 12:03:37] code 404, message File not found
::ffff:127.0.0.1 - - [26/Mar/2026 12:03:37] "GET /favicon.ico HTTP/1.1" 404 -
::1 - - [26/Mar/2026 12:06:24] "GET / HTTP/1.1" 200 -
::1 - - [26/Mar/2026 12:06:24] "GET /styles.css HTTP/1.1" 200 -
::1 - - [26/Mar/2026 12:06:24] "GET /app.js HTTP/1.1" 200 -
::1 - - [26/Mar/2026 12:10:57] "GET / HTTP/1.1" 200 -
::1 - - [26/Mar/2026 12:10:57] "GET /styles.css HTTP/1.1" 304 -
::1 - - [26/Mar/2026 12:10:57] "GET /app.js HTTP/1.1" 304 -
::1 - - [26/Mar/2026 12:11:31] "GET / HTTP/1.1" 304 -
::1 - - [26/Mar/2026 12:11:31] "GET /app.js HTTP/1.1" 304 -
::1 - - [26/Mar/2026 12:11:31] "GET /styles.css HTTP/1.1" 200 -
::1 - - [26/Mar/2026 12:12:17] "GET / HTTP/1.1" 304 -
::1 - - [26/Mar/2026 12:12:17] "GET /styles.css HTTP/1.1" 304 -
::1 - - [26/Mar/2026 12:12:17] "GET /app.js HTTP/1.1" 200 -
::1 - - [26/Mar/2026 12:15:17] "GET / HTTP/1.1" 304 -
::1 - - [26/Mar/2026 12:15:17] "GET /app.js HTTP/1.1" 200 -
::1 - - [26/Mar/2026 12:15:17] "GET /styles.css HTTP/1.1" 304 -
::1 - - [26/Mar/2026 12:17:24] "GET / HTTP/1.1" 304 -
::1 - - [26/Mar/2026 12:17:24] "GET /styles.css HTTP/1.1" 304 -
::1 - - [26/Mar/2026 12:17:24] "GET /app.js HTTP/1.1" 200 -
::1 - - [26/Mar/2026 12:22:45] "GET / HTTP/1.1" 304 -
::1 - - [26/Mar/2026 12:22:45] "GET /app.js HTTP/1.1" 304 -
::1 - - [26/Mar/2026 12:22:45] "GET /styles.css HTTP/1.1" 304 -
::1 - - [26/Mar/2026 12:28:45] "GET / HTTP/1.1" 200 -
::1 - - [26/Mar/2026 12:28:45] "GET /styles.css HTTP/1.1" 200 -
::1 - - [26/Mar/2026 12:28:45] "GET /app.js HTTP/1.1" 304 -
::1 - - [26/Mar/2026 12:32:09] "GET / HTTP/1.1" 200 -
::1 - - [26/Mar/2026 12:32:10] "GET /styles.css HTTP/1.1" 304 -
::1 - - [26/Mar/2026 12:32:10] "GET /app.js HTTP/1.1" 304 -
::1 - - [26/Mar/2026 12:32:36] "GET / HTTP/1.1" 304 -
::1 - - [26/Mar/2026 12:32:36] "GET /styles.css HTTP/1.1" 304 -
::1 - - [26/Mar/2026 12:32:40] "GET / HTTP/1.1" 304 -
::1 - - [26/Mar/2026 12:33:06] "GET / HTTP/1.1" 200 -
::1 - - [26/Mar/2026 12:33:06] "GET /styles.css HTTP/1.1" 304 -
::1 - - [26/Mar/2026 12:33:49] "GET / HTTP/1.1" 304 -
::1 - - [26/Mar/2026 12:33:49] "GET /styles.css HTTP/1.1" 200 -
::1 - - [26/Mar/2026 12:33:49] "GET /app.js HTTP/1.1" 200 -
::1 - - [26/Mar/2026 12:38:30] "GET / HTTP/1.1" 304 -
::1 - - [26/Mar/2026 12:38:30] "GET /styles.css HTTP/1.1" 200 -
::1 - - [26/Mar/2026 12:38:30] "GET /app.js HTTP/1.1" 200 -
::1 - - [26/Mar/2026 12:38:40] "GET / HTTP/1.1" 304 -
::1 - - [26/Mar/2026 12:38:40] "GET /styles.css HTTP/1.1" 304 -
::1 - - [26/Mar/2026 12:38:40] "GET /app.js HTTP/1.1" 304 -
::1 - - [26/Mar/2026 12:40:35] "GET / HTTP/1.1" 304 -
::1 - - [26/Mar/2026 12:40:35] "GET /styles.css HTTP/1.1" 304 -
::1 - - [26/Mar/2026 12:40:35] "GET /app.js HTTP/1.1" 200 -
::1 - - [26/Mar/2026 12:40:44] "GET / HTTP/1.1" 304 -
::1 - - [26/Mar/2026 12:40:44] "GET /app.js HTTP/1.1" 304 -
::1 - - [26/Mar/2026 12:41:27] "GET / HTTP/1.1" 200 -
::1 - - [26/Mar/2026 12:41:27] "GET /styles.css HTTP/1.1" 200 -
::1 - - [26/Mar/2026 12:41:27] "GET /app.js HTTP/1.1" 304 -
::1 - - [26/Mar/2026 12:45:59] "GET / HTTP/1.1" 200 -
::1 - - [26/Mar/2026 12:45:59] "GET /styles.css HTTP/1.1" 304 -
::1 - - [26/Mar/2026 12:45:59] "GET /app.js HTTP/1.1" 304 -
::1 - - [26/Mar/2026 12:47:03] "GET / HTTP/1.1" 304 -
::1 - - [26/Mar/2026 12:47:03] "GET /styles.css HTTP/1.1" 304 -
::1 - - [26/Mar/2026 12:47:03] "GET /app.js HTTP/1.1" 200 -
::1 - - [26/Mar/2026 12:47:14] "GET / HTTP/1.1" 304 -
::1 - - [26/Mar/2026 12:47:14] "GET /app.js HTTP/1.1" 304 -
::1 - - [26/Mar/2026 12:47:28] "GET / HTTP/1.1" 304 -
::1 - - [26/Mar/2026 12:47:28] "GET /app.js HTTP/1.1" 304 -
::1 - - [26/Mar/2026 14:15:51] "GET / HTTP/1.1" 304 -
::1 - - [26/Mar/2026 14:15:51] "GET /styles.css HTTP/1.1" 304 -
::1 - - [26/Mar/2026 14:15:51] "GET /app.js HTTP/1.1" 304 -
::1 - - [30/Mar/2026 22:06:52] "GET / HTTP/1.1" 304 -
::1 - - [30/Mar/2026 22:06:52] "GET /styles.css HTTP/1.1" 304 -
::1 - - [30/Mar/2026 22:06:52] "GET /app.js HTTP/1.1" 304 -
::1 - - [30/Mar/2026 22:06:53] "GET / HTTP/1.1" 304 -
